[2018-10-28 11:33:48,366][INFO ][node                     ] [Urthona] version[2.4.4], pid[10660], build[fcbb46d/2017-01-03T11:33:16Z]
[2018-10-28 11:33:48,378][INFO ][node                     ] [Urthona] initializing ...
[2018-10-28 11:33:49,702][INFO ][plugins                  ] [Urthona] modules [reindex, lang-expression, lang-groovy], plugins [], sites []
[2018-10-28 11:33:49,781][INFO ][env                      ] [Urthona] using [1] data paths, mounts [[Partition-2 (D:)]], net usable_space [51.8gb], net total_space [61.7gb], spins? [unknown], types [NTFS]
[2018-10-28 11:33:49,782][INFO ][env                      ] [Urthona] heap size [990.7mb], compressed ordinary object pointers [true]
[2018-10-28 11:33:56,575][INFO ][node                     ] [Urthona] initialized
[2018-10-28 11:33:56,576][INFO ][node                     ] [Urthona] starting ...
[2018-10-28 11:33:58,755][INFO ][transport                ] [Urthona] publish_address {127.0.0.1:9300}, bound_addresses {127.0.0.1:9300}, {[::1]:9300}
[2018-10-28 11:33:58,764][INFO ][discovery                ] [Urthona] elasticsearch/lYtrypsYTj-b6ZUFQYu8tg
[2018-10-28 11:34:03,037][INFO ][cluster.service          ] [Urthona] new_master {Urthona}{lYtrypsYTj-b6ZUFQYu8tg}{127.0.0.1}{127.0.0.1:9300}, reason: zen-disco-join(elected_as_master, [0] joins received)
[2018-10-28 11:34:03,158][INFO ][gateway                  ] [Urthona] recovered [0] indices into cluster_state
[2018-10-28 11:34:05,827][INFO ][http                     ] [Urthona] publish_address {127.0.0.1:9200}, bound_addresses {127.0.0.1:9200}, {[::1]:9200}
[2018-10-28 11:34:05,832][INFO ][node                     ] [Urthona] started
[2018-10-28 11:35:12,927][INFO ][cluster.metadata         ] [Urthona] [blog] creating index, cause [api], templates [], shards [5]/[1], mappings []
[2018-10-28 11:35:13,437][INFO ][cluster.metadata         ] [Urthona] [blog] create_mapping [blog]
[2018-10-28 11:35:13,561][INFO ][cluster.routing.allocation] [Urthona] Cluster health status changed from [RED] to [YELLOW] (reason: [shards started [[blog][4]] ...]).
[2018-10-28 11:38:12,756][DEBUG][action.search            ] [Urthona] [blog][3], node[lYtrypsYTj-b6ZUFQYu8tg], [P], v[2], s[STARTED], a[id=nrFylrK3Swyz-CajjedM3A]: Failed to execute [org.elasticsearch.action.search.SearchRequest@8de3281] lastShard [true]
RemoteTransportException[[Urthona][127.0.0.1:9300][indices:data/read/search[phase/dfs]]]; nested: SearchParseException[failed to parse search source [{"from":0,"size":10,"query":{"bool":{"should":[{"query_string":{"query":"**","fields":["title"],"analyze_wildcard":true}},{"query_string":{"query":"**","fields":["summary"],"analyze_wildcard":true}},{"query_string":{"query":"**","fields":["content"],"analyze_wildcard":true}},{"query_string":{"query":"**","fields":["tags"],"analyze_wildcard":true}}]}},"post_filter":{"bool":{"must":[{"bool":{}},{"bool":{}},{"bool":{}}]}},"sort":[{"createTime":{"order":"desc"}},{"createTime":{"order":"desc"}}]}]]; nested: SearchParseException[No mapping found for [createTime] in order to sort on];
Caused by: SearchParseException[failed to parse search source [{"from":0,"size":10,"query":{"bool":{"should":[{"query_string":{"query":"**","fields":["title"],"analyze_wildcard":true}},{"query_string":{"query":"**","fields":["summary"],"analyze_wildcard":true}},{"query_string":{"query":"**","fields":["content"],"analyze_wildcard":true}},{"query_string":{"query":"**","fields":["tags"],"analyze_wildcard":true}}]}},"post_filter":{"bool":{"must":[{"bool":{}},{"bool":{}},{"bool":{}}]}},"sort":[{"createTime":{"order":"desc"}},{"createTime":{"order":"desc"}}]}]]; nested: SearchParseException[No mapping found for [createTime] in order to sort on];
	at org.elasticsearch.search.SearchService.parseSource(SearchService.java:873)
	at org.elasticsearch.search.SearchService.createContext(SearchService.java:667)
	at org.elasticsearch.search.SearchService.createAndPutContext(SearchService.java:633)
	at org.elasticsearch.search.SearchService.executeDfsPhase(SearchService.java:264)
	at org.elasticsearch.search.action.SearchServiceTransportAction$SearchDfsTransportHandler.messageReceived(SearchServiceTransportAction.java:360)
	at org.elasticsearch.search.action.SearchServiceTransportAction$SearchDfsTransportHandler.messageReceived(SearchServiceTransportAction.java:357)
	at org.elasticsearch.transport.TransportRequestHandler.messageReceived(TransportRequestHandler.java:33)
	at org.elasticsearch.transport.RequestHandlerRegistry.processMessageReceived(RequestHandlerRegistry.java:77)
	at org.elasticsearch.transport.TransportService$4.doRun(TransportService.java:378)
	at org.elasticsearch.common.util.concurrent.AbstractRunnable.run(AbstractRunnable.java:37)
	at java.util.concurrent.ThreadPoolExecutor.runWorker(ThreadPoolExecutor.java:1149)
	at java.util.concurrent.ThreadPoolExecutor$Worker.run(ThreadPoolExecutor.java:624)
	at java.lang.Thread.run(Thread.java:748)
Caused by: SearchParseException[No mapping found for [createTime] in order to sort on]
	at org.elasticsearch.search.sort.SortParseElement.addSortField(SortParseElement.java:213)
	at org.elasticsearch.search.sort.SortParseElement.addCompoundSortField(SortParseElement.java:187)
	at org.elasticsearch.search.sort.SortParseElement.parse(SortParseElement.java:85)
	at org.elasticsearch.search.SearchService.parseSource(SearchService.java:856)
	... 12 more
[2018-10-28 11:38:12,757][DEBUG][action.search            ] [Urthona] [blog][1], node[lYtrypsYTj-b6ZUFQYu8tg], [P], v[2], s[STARTED], a[id=g4Im9qUoQyWyfz2w3lblrg]: Failed to execute [org.elasticsearch.action.search.SearchRequest@8de3281]
RemoteTransportException[[Urthona][127.0.0.1:9300][indices:data/read/search[phase/dfs]]]; nested: SearchParseException[failed to parse search source [{"from":0,"size":10,"query":{"bool":{"should":[{"query_string":{"query":"**","fields":["title"],"analyze_wildcard":true}},{"query_string":{"query":"**","fields":["summary"],"analyze_wildcard":true}},{"query_string":{"query":"**","fields":["content"],"analyze_wildcard":true}},{"query_string":{"query":"**","fields":["tags"],"analyze_wildcard":true}}]}},"post_filter":{"bool":{"must":[{"bool":{}},{"bool":{}},{"bool":{}}]}},"sort":[{"createTime":{"order":"desc"}},{"createTime":{"order":"desc"}}]}]]; nested: SearchParseException[No mapping found for [createTime] in order to sort on];
Caused by: SearchParseException[failed to parse search source [{"from":0,"size":10,"query":{"bool":{"should":[{"query_string":{"query":"**","fields":["title"],"analyze_wildcard":true}},{"query_string":{"query":"**","fields":["summary"],"analyze_wildcard":true}},{"query_string":{"query":"**","fields":["content"],"analyze_wildcard":true}},{"query_string":{"query":"**","fields":["tags"],"analyze_wildcard":true}}]}},"post_filter":{"bool":{"must":[{"bool":{}},{"bool":{}},{"bool":{}}]}},"sort":[{"createTime":{"order":"desc"}},{"createTime":{"order":"desc"}}]}]]; nested: SearchParseException[No mapping found for [createTime] in order to sort on];
	at org.elasticsearch.search.SearchService.parseSource(SearchService.java:873)
	at org.elasticsearch.search.SearchService.createContext(SearchService.java:667)
	at org.elasticsearch.search.SearchService.createAndPutContext(SearchService.java:633)
	at org.elasticsearch.search.SearchService.executeDfsPhase(SearchService.java:264)
	at org.elasticsearch.search.action.SearchServiceTransportAction$SearchDfsTransportHandler.messageReceived(SearchServiceTransportAction.java:360)
	at org.elasticsearch.search.action.SearchServiceTransportAction$SearchDfsTransportHandler.messageReceived(SearchServiceTransportAction.java:357)
	at org.elasticsearch.transport.TransportRequestHandler.messageReceived(TransportRequestHandler.java:33)
	at org.elasticsearch.transport.RequestHandlerRegistry.processMessageReceived(RequestHandlerRegistry.java:77)
	at org.elasticsearch.transport.TransportService$4.doRun(TransportService.java:378)
	at org.elasticsearch.common.util.concurrent.AbstractRunnable.run(AbstractRunnable.java:37)
	at java.util.concurrent.ThreadPoolExecutor.runWorker(ThreadPoolExecutor.java:1149)
	at java.util.concurrent.ThreadPoolExecutor$Worker.run(ThreadPoolExecutor.java:624)
	at java.lang.Thread.run(Thread.java:748)
Caused by: SearchParseException[No mapping found for [createTime] in order to sort on]
	at org.elasticsearch.search.sort.SortParseElement.addSortField(SortParseElement.java:213)
	at org.elasticsearch.search.sort.SortParseElement.addCompoundSortField(SortParseElement.java:187)
	at org.elasticsearch.search.sort.SortParseElement.parse(SortParseElement.java:85)
	at org.elasticsearch.search.SearchService.parseSource(SearchService.java:856)
	... 12 more
[2018-10-28 11:38:12,757][DEBUG][action.search            ] [Urthona] [blog][0], node[lYtrypsYTj-b6ZUFQYu8tg], [P], v[2], s[STARTED], a[id=qmwgS2UcQZmLeQGMDhTohg]: Failed to execute [org.elasticsearch.action.search.SearchRequest@8de3281] lastShard [true]
RemoteTransportException[[Urthona][127.0.0.1:9300][indices:data/read/search[phase/dfs]]]; nested: SearchParseException[failed to parse search source [{"from":0,"size":10,"query":{"bool":{"should":[{"query_string":{"query":"**","fields":["title"],"analyze_wildcard":true}},{"query_string":{"query":"**","fields":["summary"],"analyze_wildcard":true}},{"query_string":{"query":"**","fields":["content"],"analyze_wildcard":true}},{"query_string":{"query":"**","fields":["tags"],"analyze_wildcard":true}}]}},"post_filter":{"bool":{"must":[{"bool":{}},{"bool":{}},{"bool":{}}]}},"sort":[{"createTime":{"order":"desc"}},{"createTime":{"order":"desc"}}]}]]; nested: SearchParseException[No mapping found for [createTime] in order to sort on];
Caused by: SearchParseException[failed to parse search source [{"from":0,"size":10,"query":{"bool":{"should":[{"query_string":{"query":"**","fields":["title"],"analyze_wildcard":true}},{"query_string":{"query":"**","fields":["summary"],"analyze_wildcard":true}},{"query_string":{"query":"**","fields":["content"],"analyze_wildcard":true}},{"query_string":{"query":"**","fields":["tags"],"analyze_wildcard":true}}]}},"post_filter":{"bool":{"must":[{"bool":{}},{"bool":{}},{"bool":{}}]}},"sort":[{"createTime":{"order":"desc"}},{"createTime":{"order":"desc"}}]}]]; nested: SearchParseException[No mapping found for [createTime] in order to sort on];
	at org.elasticsearch.search.SearchService.parseSource(SearchService.java:873)
	at org.elasticsearch.search.SearchService.createContext(SearchService.java:667)
	at org.elasticsearch.search.SearchService.createAndPutContext(SearchService.java:633)
	at org.elasticsearch.search.SearchService.executeDfsPhase(SearchService.java:264)
	at org.elasticsearch.search.action.SearchServiceTransportAction$SearchDfsTransportHandler.messageReceived(SearchServiceTransportAction.java:360)
	at org.elasticsearch.search.action.SearchServiceTransportAction$SearchDfsTransportHandler.messageReceived(SearchServiceTransportAction.java:357)
	at org.elasticsearch.transport.TransportRequestHandler.messageReceived(TransportRequestHandler.java:33)
	at org.elasticsearch.transport.RequestHandlerRegistry.processMessageReceived(RequestHandlerRegistry.java:77)
	at org.elasticsearch.transport.TransportService$4.doRun(TransportService.java:378)
	at org.elasticsearch.common.util.concurrent.AbstractRunnable.run(AbstractRunnable.java:37)
	at java.util.concurrent.ThreadPoolExecutor.runWorker(ThreadPoolExecutor.java:1149)
	at java.util.concurrent.ThreadPoolExecutor$Worker.run(ThreadPoolExecutor.java:624)
	at java.lang.Thread.run(Thread.java:748)
Caused by: SearchParseException[No mapping found for [createTime] in order to sort on]
	at org.elasticsearch.search.sort.SortParseElement.addSortField(SortParseElement.java:213)
	at org.elasticsearch.search.sort.SortParseElement.addCompoundSortField(SortParseElement.java:187)
	at org.elasticsearch.search.sort.SortParseElement.parse(SortParseElement.java:85)
	at org.elasticsearch.search.SearchService.parseSource(SearchService.java:856)
	... 12 more
[2018-10-28 11:38:12,756][DEBUG][action.search            ] [Urthona] [blog][4], node[lYtrypsYTj-b6ZUFQYu8tg], [P], v[2], s[STARTED], a[id=lTiW0JwdRl-nUaAIcsNxLQ]: Failed to execute [org.elasticsearch.action.search.SearchRequest@8de3281] lastShard [true]
RemoteTransportException[[Urthona][127.0.0.1:9300][indices:data/read/search[phase/dfs]]]; nested: SearchParseException[failed to parse search source [{"from":0,"size":10,"query":{"bool":{"should":[{"query_string":{"query":"**","fields":["title"],"analyze_wildcard":true}},{"query_string":{"query":"**","fields":["summary"],"analyze_wildcard":true}},{"query_string":{"query":"**","fields":["content"],"analyze_wildcard":true}},{"query_string":{"query":"**","fields":["tags"],"analyze_wildcard":true}}]}},"post_filter":{"bool":{"must":[{"bool":{}},{"bool":{}},{"bool":{}}]}},"sort":[{"createTime":{"order":"desc"}},{"createTime":{"order":"desc"}}]}]]; nested: SearchParseException[No mapping found for [createTime] in order to sort on];
Caused by: SearchParseException[failed to parse search source [{"from":0,"size":10,"query":{"bool":{"should":[{"query_string":{"query":"**","fields":["title"],"analyze_wildcard":true}},{"query_string":{"query":"**","fields":["summary"],"analyze_wildcard":true}},{"query_string":{"query":"**","fields":["content"],"analyze_wildcard":true}},{"query_string":{"query":"**","fields":["tags"],"analyze_wildcard":true}}]}},"post_filter":{"bool":{"must":[{"bool":{}},{"bool":{}},{"bool":{}}]}},"sort":[{"createTime":{"order":"desc"}},{"createTime":{"order":"desc"}}]}]]; nested: SearchParseException[No mapping found for [createTime] in order to sort on];
	at org.elasticsearch.search.SearchService.parseSource(SearchService.java:873)
	at org.elasticsearch.search.SearchService.createContext(SearchService.java:667)
	at org.elasticsearch.search.SearchService.createAndPutContext(SearchService.java:633)
	at org.elasticsearch.search.SearchService.executeDfsPhase(SearchService.java:264)
	at org.elasticsearch.search.action.SearchServiceTransportAction$SearchDfsTransportHandler.messageReceived(SearchServiceTransportAction.java:360)
	at org.elasticsearch.search.action.SearchServiceTransportAction$SearchDfsTransportHandler.messageReceived(SearchServiceTransportAction.java:357)
	at org.elasticsearch.transport.TransportRequestHandler.messageReceived(TransportRequestHandler.java:33)
	at org.elasticsearch.transport.RequestHandlerRegistry.processMessageReceived(RequestHandlerRegistry.java:77)
	at org.elasticsearch.transport.TransportService$4.doRun(TransportService.java:378)
	at org.elasticsearch.common.util.concurrent.AbstractRunnable.run(AbstractRunnable.java:37)
	at java.util.concurrent.ThreadPoolExecutor.runWorker(ThreadPoolExecutor.java:1149)
	at java.util.concurrent.ThreadPoolExecutor$Worker.run(ThreadPoolExecutor.java:624)
	at java.lang.Thread.run(Thread.java:748)
Caused by: SearchParseException[No mapping found for [createTime] in order to sort on]
	at org.elasticsearch.search.sort.SortParseElement.addSortField(SortParseElement.java:213)
	at org.elasticsearch.search.sort.SortParseElement.addCompoundSortField(SortParseElement.java:187)
	at org.elasticsearch.search.sort.SortParseElement.parse(SortParseElement.java:85)
	at org.elasticsearch.search.SearchService.parseSource(SearchService.java:856)
	... 12 more
[2018-10-28 11:38:12,756][DEBUG][action.search            ] [Urthona] [blog][2], node[lYtrypsYTj-b6ZUFQYu8tg], [P], v[2], s[STARTED], a[id=fFkJ7P-ET5GhRV5KpyJFLQ]: Failed to execute [org.elasticsearch.action.search.SearchRequest@8de3281] lastShard [true]
RemoteTransportException[[Urthona][127.0.0.1:9300][indices:data/read/search[phase/dfs]]]; nested: SearchParseException[failed to parse search source [{"from":0,"size":10,"query":{"bool":{"should":[{"query_string":{"query":"**","fields":["title"],"analyze_wildcard":true}},{"query_string":{"query":"**","fields":["summary"],"analyze_wildcard":true}},{"query_string":{"query":"**","fields":["content"],"analyze_wildcard":true}},{"query_string":{"query":"**","fields":["tags"],"analyze_wildcard":true}}]}},"post_filter":{"bool":{"must":[{"bool":{}},{"bool":{}},{"bool":{}}]}},"sort":[{"createTime":{"order":"desc"}},{"createTime":{"order":"desc"}}]}]]; nested: SearchParseException[No mapping found for [createTime] in order to sort on];
Caused by: SearchParseException[failed to parse search source [{"from":0,"size":10,"query":{"bool":{"should":[{"query_string":{"query":"**","fields":["title"],"analyze_wildcard":true}},{"query_string":{"query":"**","fields":["summary"],"analyze_wildcard":true}},{"query_string":{"query":"**","fields":["content"],"analyze_wildcard":true}},{"query_string":{"query":"**","fields":["tags"],"analyze_wildcard":true}}]}},"post_filter":{"bool":{"must":[{"bool":{}},{"bool":{}},{"bool":{}}]}},"sort":[{"createTime":{"order":"desc"}},{"createTime":{"order":"desc"}}]}]]; nested: SearchParseException[No mapping found for [createTime] in order to sort on];
	at org.elasticsearch.search.SearchService.parseSource(SearchService.java:873)
	at org.elasticsearch.search.SearchService.createContext(SearchService.java:667)
	at org.elasticsearch.search.SearchService.createAndPutContext(SearchService.java:633)
	at org.elasticsearch.search.SearchService.executeDfsPhase(SearchService.java:264)
	at org.elasticsearch.search.action.SearchServiceTransportAction$SearchDfsTransportHandler.messageReceived(SearchServiceTransportAction.java:360)
	at org.elasticsearch.search.action.SearchServiceTransportAction$SearchDfsTransportHandler.messageReceived(SearchServiceTransportAction.java:357)
	at org.elasticsearch.transport.TransportRequestHandler.messageReceived(TransportRequestHandler.java:33)
	at org.elasticsearch.transport.RequestHandlerRegistry.processMessageReceived(RequestHandlerRegistry.java:77)
	at org.elasticsearch.transport.TransportService$4.doRun(TransportService.java:378)
	at org.elasticsearch.common.util.concurrent.AbstractRunnable.run(AbstractRunnable.java:37)
	at java.util.concurrent.ThreadPoolExecutor.runWorker(ThreadPoolExecutor.java:1149)
	at java.util.concurrent.ThreadPoolExecutor$Worker.run(ThreadPoolExecutor.java:624)
	at java.lang.Thread.run(Thread.java:748)
Caused by: SearchParseException[No mapping found for [createTime] in order to sort on]
	at org.elasticsearch.search.sort.SortParseElement.addSortField(SortParseElement.java:213)
	at org.elasticsearch.search.sort.SortParseElement.addCompoundSortField(SortParseElement.java:187)
	at org.elasticsearch.search.sort.SortParseElement.parse(SortParseElement.java:85)
	at org.elasticsearch.search.SearchService.parseSource(SearchService.java:856)
	... 12 more
[2018-10-28 11:38:12,765][DEBUG][action.search            ] [Urthona] All shards failed for phase: [dfs]
RemoteTransportException[[Urthona][127.0.0.1:9300][indices:data/read/search[phase/dfs]]]; nested: SearchParseException[failed to parse search source [{"from":0,"size":10,"query":{"bool":{"should":[{"query_string":{"query":"**","fields":["title"],"analyze_wildcard":true}},{"query_string":{"query":"**","fields":["summary"],"analyze_wildcard":true}},{"query_string":{"query":"**","fields":["content"],"analyze_wildcard":true}},{"query_string":{"query":"**","fields":["tags"],"analyze_wildcard":true}}]}},"post_filter":{"bool":{"must":[{"bool":{}},{"bool":{}},{"bool":{}}]}},"sort":[{"createTime":{"order":"desc"}},{"createTime":{"order":"desc"}}]}]]; nested: SearchParseException[No mapping found for [createTime] in order to sort on];
Caused by: SearchParseException[failed to parse search source [{"from":0,"size":10,"query":{"bool":{"should":[{"query_string":{"query":"**","fields":["title"],"analyze_wildcard":true}},{"query_string":{"query":"**","fields":["summary"],"analyze_wildcard":true}},{"query_string":{"query":"**","fields":["content"],"analyze_wildcard":true}},{"query_string":{"query":"**","fields":["tags"],"analyze_wildcard":true}}]}},"post_filter":{"bool":{"must":[{"bool":{}},{"bool":{}},{"bool":{}}]}},"sort":[{"createTime":{"order":"desc"}},{"createTime":{"order":"desc"}}]}]]; nested: SearchParseException[No mapping found for [createTime] in order to sort on];
	at org.elasticsearch.search.SearchService.parseSource(SearchService.java:873)
	at org.elasticsearch.search.SearchService.createContext(SearchService.java:667)
	at org.elasticsearch.search.SearchService.createAndPutContext(SearchService.java:633)
	at org.elasticsearch.search.SearchService.executeDfsPhase(SearchService.java:264)
	at org.elasticsearch.search.action.SearchServiceTransportAction$SearchDfsTransportHandler.messageReceived(SearchServiceTransportAction.java:360)
	at org.elasticsearch.search.action.SearchServiceTransportAction$SearchDfsTransportHandler.messageReceived(SearchServiceTransportAction.java:357)
	at org.elasticsearch.transport.TransportRequestHandler.messageReceived(TransportRequestHandler.java:33)
	at org.elasticsearch.transport.RequestHandlerRegistry.processMessageReceived(RequestHandlerRegistry.java:77)
	at org.elasticsearch.transport.TransportService$4.doRun(TransportService.java:378)
	at org.elasticsearch.common.util.concurrent.AbstractRunnable.run(AbstractRunnable.java:37)
	at java.util.concurrent.ThreadPoolExecutor.runWorker(ThreadPoolExecutor.java:1149)
	at java.util.concurrent.ThreadPoolExecutor$Worker.run(ThreadPoolExecutor.java:624)
	at java.lang.Thread.run(Thread.java:748)
Caused by: SearchParseException[No mapping found for [createTime] in order to sort on]
	at org.elasticsearch.search.sort.SortParseElement.addSortField(SortParseElement.java:213)
	at org.elasticsearch.search.sort.SortParseElement.addCompoundSortField(SortParseElement.java:187)
	at org.elasticsearch.search.sort.SortParseElement.parse(SortParseElement.java:85)
	at org.elasticsearch.search.SearchService.parseSource(SearchService.java:856)
	... 12 more
[2018-10-28 11:38:21,067][DEBUG][action.search            ] [Urthona] [blog][1], node[lYtrypsYTj-b6ZUFQYu8tg], [P], v[2], s[STARTED], a[id=g4Im9qUoQyWyfz2w3lblrg]: Failed to execute [org.elasticsearch.action.search.SearchRequest@4b40d4b4] lastShard [true]
RemoteTransportException[[Urthona][127.0.0.1:9300][indices:data/read/search[phase/dfs]]]; nested: SearchParseException[failed to parse search source [{"from":0,"size":10,"query":{"bool":{"should":[{"query_string":{"query":"**","fields":["title"],"analyze_wildcard":true}},{"query_string":{"query":"**","fields":["summary"],"analyze_wildcard":true}},{"query_string":{"query":"**","fields":["content"],"analyze_wildcard":true}},{"query_string":{"query":"**","fields":["tags"],"analyze_wildcard":true}}]}},"post_filter":{"bool":{"must":[{"bool":{}},{"bool":{}},{"bool":{}}]}},"sort":[{"createTime":{"order":"desc"}},{"createTime":{"order":"desc"}}]}]]; nested: SearchParseException[No mapping found for [createTime] in order to sort on];
Caused by: SearchParseException[failed to parse search source [{"from":0,"size":10,"query":{"bool":{"should":[{"query_string":{"query":"**","fields":["title"],"analyze_wildcard":true}},{"query_string":{"query":"**","fields":["summary"],"analyze_wildcard":true}},{"query_string":{"query":"**","fields":["content"],"analyze_wildcard":true}},{"query_string":{"query":"**","fields":["tags"],"analyze_wildcard":true}}]}},"post_filter":{"bool":{"must":[{"bool":{}},{"bool":{}},{"bool":{}}]}},"sort":[{"createTime":{"order":"desc"}},{"createTime":{"order":"desc"}}]}]]; nested: SearchParseException[No mapping found for [createTime] in order to sort on];
	at org.elasticsearch.search.SearchService.parseSource(SearchService.java:873)
	at org.elasticsearch.search.SearchService.createContext(SearchService.java:667)
	at org.elasticsearch.search.SearchService.createAndPutContext(SearchService.java:633)
	at org.elasticsearch.search.SearchService.executeDfsPhase(SearchService.java:264)
	at org.elasticsearch.search.action.SearchServiceTransportAction$SearchDfsTransportHandler.messageReceived(SearchServiceTransportAction.java:360)
	at org.elasticsearch.search.action.SearchServiceTransportAction$SearchDfsTransportHandler.messageReceived(SearchServiceTransportAction.java:357)
	at org.elasticsearch.transport.TransportRequestHandler.messageReceived(TransportRequestHandler.java:33)
	at org.elasticsearch.transport.RequestHandlerRegistry.processMessageReceived(RequestHandlerRegistry.java:77)
	at org.elasticsearch.transport.TransportService$4.doRun(TransportService.java:378)
	at org.elasticsearch.common.util.concurrent.AbstractRunnable.run(AbstractRunnable.java:37)
	at java.util.concurrent.ThreadPoolExecutor.runWorker(ThreadPoolExecutor.java:1149)
	at java.util.concurrent.ThreadPoolExecutor$Worker.run(ThreadPoolExecutor.java:624)
	at java.lang.Thread.run(Thread.java:748)
Caused by: SearchParseException[No mapping found for [createTime] in order to sort on]
	at org.elasticsearch.search.sort.SortParseElement.addSortField(SortParseElement.java:213)
	at org.elasticsearch.search.sort.SortParseElement.addCompoundSortField(SortParseElement.java:187)
	at org.elasticsearch.search.sort.SortParseElement.parse(SortParseElement.java:85)
	at org.elasticsearch.search.SearchService.parseSource(SearchService.java:856)
	... 12 more
[2018-10-28 11:38:21,073][DEBUG][action.search            ] [Urthona] [blog][4], node[lYtrypsYTj-b6ZUFQYu8tg], [P], v[2], s[STARTED], a[id=lTiW0JwdRl-nUaAIcsNxLQ]: Failed to execute [org.elasticsearch.action.search.SearchRequest@4b40d4b4] lastShard [true]
RemoteTransportException[[Urthona][127.0.0.1:9300][indices:data/read/search[phase/dfs]]]; nested: SearchParseException[failed to parse search source [{"from":0,"size":10,"query":{"bool":{"should":[{"query_string":{"query":"**","fields":["title"],"analyze_wildcard":true}},{"query_string":{"query":"**","fields":["summary"],"analyze_wildcard":true}},{"query_string":{"query":"**","fields":["content"],"analyze_wildcard":true}},{"query_string":{"query":"**","fields":["tags"],"analyze_wildcard":true}}]}},"post_filter":{"bool":{"must":[{"bool":{}},{"bool":{}},{"bool":{}}]}},"sort":[{"createTime":{"order":"desc"}},{"createTime":{"order":"desc"}}]}]]; nested: SearchParseException[No mapping found for [createTime] in order to sort on];
Caused by: SearchParseException[failed to parse search source [{"from":0,"size":10,"query":{"bool":{"should":[{"query_string":{"query":"**","fields":["title"],"analyze_wildcard":true}},{"query_string":{"query":"**","fields":["summary"],"analyze_wildcard":true}},{"query_string":{"query":"**","fields":["content"],"analyze_wildcard":true}},{"query_string":{"query":"**","fields":["tags"],"analyze_wildcard":true}}]}},"post_filter":{"bool":{"must":[{"bool":{}},{"bool":{}},{"bool":{}}]}},"sort":[{"createTime":{"order":"desc"}},{"createTime":{"order":"desc"}}]}]]; nested: SearchParseException[No mapping found for [createTime] in order to sort on];
	at org.elasticsearch.search.SearchService.parseSource(SearchService.java:873)
	at org.elasticsearch.search.SearchService.createContext(SearchService.java:667)
	at org.elasticsearch.search.SearchService.createAndPutContext(SearchService.java:633)
	at org.elasticsearch.search.SearchService.executeDfsPhase(SearchService.java:264)
	at org.elasticsearch.search.action.SearchServiceTransportAction$SearchDfsTransportHandler.messageReceived(SearchServiceTransportAction.java:360)
	at org.elasticsearch.search.action.SearchServiceTransportAction$SearchDfsTransportHandler.messageReceived(SearchServiceTransportAction.java:357)
	at org.elasticsearch.transport.TransportRequestHandler.messageReceived(TransportRequestHandler.java:33)
	at org.elasticsearch.transport.RequestHandlerRegistry.processMessageReceived(RequestHandlerRegistry.java:77)
	at org.elasticsearch.transport.TransportService$4.doRun(TransportService.java:378)
	at org.elasticsearch.common.util.concurrent.AbstractRunnable.run(AbstractRunnable.java:37)
	at java.util.concurrent.ThreadPoolExecutor.runWorker(ThreadPoolExecutor.java:1149)
	at java.util.concurrent.ThreadPoolExecutor$Worker.run(ThreadPoolExecutor.java:624)
	at java.lang.Thread.run(Thread.java:748)
Caused by: SearchParseException[No mapping found for [createTime] in order to sort on]
	at org.elasticsearch.search.sort.SortParseElement.addSortField(SortParseElement.java:213)
	at org.elasticsearch.search.sort.SortParseElement.addCompoundSortField(SortParseElement.java:187)
	at org.elasticsearch.search.sort.SortParseElement.parse(SortParseElement.java:85)
	at org.elasticsearch.search.SearchService.parseSource(SearchService.java:856)
	... 12 more
[2018-10-28 11:38:21,070][DEBUG][action.search            ] [Urthona] [blog][0], node[lYtrypsYTj-b6ZUFQYu8tg], [P], v[2], s[STARTED], a[id=qmwgS2UcQZmLeQGMDhTohg]: Failed to execute [org.elasticsearch.action.search.SearchRequest@4b40d4b4] lastShard [true]
RemoteTransportException[[Urthona][127.0.0.1:9300][indices:data/read/search[phase/dfs]]]; nested: SearchParseException[failed to parse search source [{"from":0,"size":10,"query":{"bool":{"should":[{"query_string":{"query":"**","fields":["title"],"analyze_wildcard":true}},{"query_string":{"query":"**","fields":["summary"],"analyze_wildcard":true}},{"query_string":{"query":"**","fields":["content"],"analyze_wildcard":true}},{"query_string":{"query":"**","fields":["tags"],"analyze_wildcard":true}}]}},"post_filter":{"bool":{"must":[{"bool":{}},{"bool":{}},{"bool":{}}]}},"sort":[{"createTime":{"order":"desc"}},{"createTime":{"order":"desc"}}]}]]; nested: SearchParseException[No mapping found for [createTime] in order to sort on];
Caused by: SearchParseException[failed to parse search source [{"from":0,"size":10,"query":{"bool":{"should":[{"query_string":{"query":"**","fields":["title"],"analyze_wildcard":true}},{"query_string":{"query":"**","fields":["summary"],"analyze_wildcard":true}},{"query_string":{"query":"**","fields":["content"],"analyze_wildcard":true}},{"query_string":{"query":"**","fields":["tags"],"analyze_wildcard":true}}]}},"post_filter":{"bool":{"must":[{"bool":{}},{"bool":{}},{"bool":{}}]}},"sort":[{"createTime":{"order":"desc"}},{"createTime":{"order":"desc"}}]}]]; nested: SearchParseException[No mapping found for [createTime] in order to sort on];
	at org.elasticsearch.search.SearchService.parseSource(SearchService.java:873)
	at org.elasticsearch.search.SearchService.createContext(SearchService.java:667)
	at org.elasticsearch.search.SearchService.createAndPutContext(SearchService.java:633)
	at org.elasticsearch.search.SearchService.executeDfsPhase(SearchService.java:264)
	at org.elasticsearch.search.action.SearchServiceTransportAction$SearchDfsTransportHandler.messageReceived(SearchServiceTransportAction.java:360)
	at org.elasticsearch.search.action.SearchServiceTransportAction$SearchDfsTransportHandler.messageReceived(SearchServiceTransportAction.java:357)
	at org.elasticsearch.transport.TransportRequestHandler.messageReceived(TransportRequestHandler.java:33)
	at org.elasticsearch.transport.RequestHandlerRegistry.processMessageReceived(RequestHandlerRegistry.java:77)
	at org.elasticsearch.transport.TransportService$4.doRun(TransportService.java:378)
	at org.elasticsearch.common.util.concurrent.AbstractRunnable.run(AbstractRunnable.java:37)
	at java.util.concurrent.ThreadPoolExecutor.runWorker(ThreadPoolExecutor.java:1149)
	at java.util.concurrent.ThreadPoolExecutor$Worker.run(ThreadPoolExecutor.java:624)
	at java.lang.Thread.run(Thread.java:748)
Caused by: SearchParseException[No mapping found for [createTime] in order to sort on]
	at org.elasticsearch.search.sort.SortParseElement.addSortField(SortParseElement.java:213)
	at org.elasticsearch.search.sort.SortParseElement.addCompoundSortField(SortParseElement.java:187)
	at org.elasticsearch.search.sort.SortParseElement.parse(SortParseElement.java:85)
	at org.elasticsearch.search.SearchService.parseSource(SearchService.java:856)
	... 12 more
[2018-10-28 11:38:21,067][DEBUG][action.search            ] [Urthona] [blog][2], node[lYtrypsYTj-b6ZUFQYu8tg], [P], v[2], s[STARTED], a[id=fFkJ7P-ET5GhRV5KpyJFLQ]: Failed to execute [org.elasticsearch.action.search.SearchRequest@4b40d4b4] lastShard [true]
RemoteTransportException[[Urthona][127.0.0.1:9300][indices:data/read/search[phase/dfs]]]; nested: SearchParseException[failed to parse search source [{"from":0,"size":10,"query":{"bool":{"should":[{"query_string":{"query":"**","fields":["title"],"analyze_wildcard":true}},{"query_string":{"query":"**","fields":["summary"],"analyze_wildcard":true}},{"query_string":{"query":"**","fields":["content"],"analyze_wildcard":true}},{"query_string":{"query":"**","fields":["tags"],"analyze_wildcard":true}}]}},"post_filter":{"bool":{"must":[{"bool":{}},{"bool":{}},{"bool":{}}]}},"sort":[{"createTime":{"order":"desc"}},{"createTime":{"order":"desc"}}]}]]; nested: SearchParseException[No mapping found for [createTime] in order to sort on];
Caused by: SearchParseException[failed to parse search source [{"from":0,"size":10,"query":{"bool":{"should":[{"query_string":{"query":"**","fields":["title"],"analyze_wildcard":true}},{"query_string":{"query":"**","fields":["summary"],"analyze_wildcard":true}},{"query_string":{"query":"**","fields":["content"],"analyze_wildcard":true}},{"query_string":{"query":"**","fields":["tags"],"analyze_wildcard":true}}]}},"post_filter":{"bool":{"must":[{"bool":{}},{"bool":{}},{"bool":{}}]}},"sort":[{"createTime":{"order":"desc"}},{"createTime":{"order":"desc"}}]}]]; nested: SearchParseException[No mapping found for [createTime] in order to sort on];
	at org.elasticsearch.search.SearchService.parseSource(SearchService.java:873)
	at org.elasticsearch.search.SearchService.createContext(SearchService.java:667)
	at org.elasticsearch.search.SearchService.createAndPutContext(SearchService.java:633)
	at org.elasticsearch.search.SearchService.executeDfsPhase(SearchService.java:264)
	at org.elasticsearch.search.action.SearchServiceTransportAction$SearchDfsTransportHandler.messageReceived(SearchServiceTransportAction.java:360)
	at org.elasticsearch.search.action.SearchServiceTransportAction$SearchDfsTransportHandler.messageReceived(SearchServiceTransportAction.java:357)
	at org.elasticsearch.transport.TransportRequestHandler.messageReceived(TransportRequestHandler.java:33)
	at org.elasticsearch.transport.RequestHandlerRegistry.processMessageReceived(RequestHandlerRegistry.java:77)
	at org.elasticsearch.transport.TransportService$4.doRun(TransportService.java:378)
	at org.elasticsearch.common.util.concurrent.AbstractRunnable.run(AbstractRunnable.java:37)
	at java.util.concurrent.ThreadPoolExecutor.runWorker(ThreadPoolExecutor.java:1149)
	at java.util.concurrent.ThreadPoolExecutor$Worker.run(ThreadPoolExecutor.java:624)
	at java.lang.Thread.run(Thread.java:748)
Caused by: SearchParseException[No mapping found for [createTime] in order to sort on]
	at org.elasticsearch.search.sort.SortParseElement.addSortField(SortParseElement.java:213)
	at org.elasticsearch.search.sort.SortParseElement.addCompoundSortField(SortParseElement.java:187)
	at org.elasticsearch.search.sort.SortParseElement.parse(SortParseElement.java:85)
	at org.elasticsearch.search.SearchService.parseSource(SearchService.java:856)
	... 12 more
[2018-10-28 11:38:21,074][DEBUG][action.search            ] [Urthona] [blog][3], node[lYtrypsYTj-b6ZUFQYu8tg], [P], v[2], s[STARTED], a[id=nrFylrK3Swyz-CajjedM3A]: Failed to execute [org.elasticsearch.action.search.SearchRequest@4b40d4b4]
RemoteTransportException[[Urthona][127.0.0.1:9300][indices:data/read/search[phase/dfs]]]; nested: SearchParseException[failed to parse search source [{"from":0,"size":10,"query":{"bool":{"should":[{"query_string":{"query":"**","fields":["title"],"analyze_wildcard":true}},{"query_string":{"query":"**","fields":["summary"],"analyze_wildcard":true}},{"query_string":{"query":"**","fields":["content"],"analyze_wildcard":true}},{"query_string":{"query":"**","fields":["tags"],"analyze_wildcard":true}}]}},"post_filter":{"bool":{"must":[{"bool":{}},{"bool":{}},{"bool":{}}]}},"sort":[{"createTime":{"order":"desc"}},{"createTime":{"order":"desc"}}]}]]; nested: SearchParseException[No mapping found for [createTime] in order to sort on];
Caused by: SearchParseException[failed to parse search source [{"from":0,"size":10,"query":{"bool":{"should":[{"query_string":{"query":"**","fields":["title"],"analyze_wildcard":true}},{"query_string":{"query":"**","fields":["summary"],"analyze_wildcard":true}},{"query_string":{"query":"**","fields":["content"],"analyze_wildcard":true}},{"query_string":{"query":"**","fields":["tags"],"analyze_wildcard":true}}]}},"post_filter":{"bool":{"must":[{"bool":{}},{"bool":{}},{"bool":{}}]}},"sort":[{"createTime":{"order":"desc"}},{"createTime":{"order":"desc"}}]}]]; nested: SearchParseException[No mapping found for [createTime] in order to sort on];
	at org.elasticsearch.search.SearchService.parseSource(SearchService.java:873)
	at org.elasticsearch.search.SearchService.createContext(SearchService.java:667)
	at org.elasticsearch.search.SearchService.createAndPutContext(SearchService.java:633)
	at org.elasticsearch.search.SearchService.executeDfsPhase(SearchService.java:264)
	at org.elasticsearch.search.action.SearchServiceTransportAction$SearchDfsTransportHandler.messageReceived(SearchServiceTransportAction.java:360)
	at org.elasticsearch.search.action.SearchServiceTransportAction$SearchDfsTransportHandler.messageReceived(SearchServiceTransportAction.java:357)
	at org.elasticsearch.transport.TransportRequestHandler.messageReceived(TransportRequestHandler.java:33)
	at org.elasticsearch.transport.RequestHandlerRegistry.processMessageReceived(RequestHandlerRegistry.java:77)
	at org.elasticsearch.transport.TransportService$4.doRun(TransportService.java:378)
	at org.elasticsearch.common.util.concurrent.AbstractRunnable.run(AbstractRunnable.java:37)
	at java.util.concurrent.ThreadPoolExecutor.runWorker(ThreadPoolExecutor.java:1149)
	at java.util.concurrent.ThreadPoolExecutor$Worker.run(ThreadPoolExecutor.java:624)
	at java.lang.Thread.run(Thread.java:748)
Caused by: SearchParseException[No mapping found for [createTime] in order to sort on]
	at org.elasticsearch.search.sort.SortParseElement.addSortField(SortParseElement.java:213)
	at org.elasticsearch.search.sort.SortParseElement.addCompoundSortField(SortParseElement.java:187)
	at org.elasticsearch.search.sort.SortParseElement.parse(SortParseElement.java:85)
	at org.elasticsearch.search.SearchService.parseSource(SearchService.java:856)
	... 12 more
[2018-10-28 11:38:21,090][DEBUG][action.search            ] [Urthona] All shards failed for phase: [dfs]
RemoteTransportException[[Urthona][127.0.0.1:9300][indices:data/read/search[phase/dfs]]]; nested: SearchParseException[failed to parse search source [{"from":0,"size":10,"query":{"bool":{"should":[{"query_string":{"query":"**","fields":["title"],"analyze_wildcard":true}},{"query_string":{"query":"**","fields":["summary"],"analyze_wildcard":true}},{"query_string":{"query":"**","fields":["content"],"analyze_wildcard":true}},{"query_string":{"query":"**","fields":["tags"],"analyze_wildcard":true}}]}},"post_filter":{"bool":{"must":[{"bool":{}},{"bool":{}},{"bool":{}}]}},"sort":[{"createTime":{"order":"desc"}},{"createTime":{"order":"desc"}}]}]]; nested: SearchParseException[No mapping found for [createTime] in order to sort on];
Caused by: SearchParseException[failed to parse search source [{"from":0,"size":10,"query":{"bool":{"should":[{"query_string":{"query":"**","fields":["title"],"analyze_wildcard":true}},{"query_string":{"query":"**","fields":["summary"],"analyze_wildcard":true}},{"query_string":{"query":"**","fields":["content"],"analyze_wildcard":true}},{"query_string":{"query":"**","fields":["tags"],"analyze_wildcard":true}}]}},"post_filter":{"bool":{"must":[{"bool":{}},{"bool":{}},{"bool":{}}]}},"sort":[{"createTime":{"order":"desc"}},{"createTime":{"order":"desc"}}]}]]; nested: SearchParseException[No mapping found for [createTime] in order to sort on];
	at org.elasticsearch.search.SearchService.parseSource(SearchService.java:873)
	at org.elasticsearch.search.SearchService.createContext(SearchService.java:667)
	at org.elasticsearch.search.SearchService.createAndPutContext(SearchService.java:633)
	at org.elasticsearch.search.SearchService.executeDfsPhase(SearchService.java:264)
	at org.elasticsearch.search.action.SearchServiceTransportAction$SearchDfsTransportHandler.messageReceived(SearchServiceTransportAction.java:360)
	at org.elasticsearch.search.action.SearchServiceTransportAction$SearchDfsTransportHandler.messageReceived(SearchServiceTransportAction.java:357)
	at org.elasticsearch.transport.TransportRequestHandler.messageReceived(TransportRequestHandler.java:33)
	at org.elasticsearch.transport.RequestHandlerRegistry.processMessageReceived(RequestHandlerRegistry.java:77)
	at org.elasticsearch.transport.TransportService$4.doRun(TransportService.java:378)
	at org.elasticsearch.common.util.concurrent.AbstractRunnable.run(AbstractRunnable.java:37)
	at java.util.concurrent.ThreadPoolExecutor.runWorker(ThreadPoolExecutor.java:1149)
	at java.util.concurrent.ThreadPoolExecutor$Worker.run(ThreadPoolExecutor.java:624)
	at java.lang.Thread.run(Thread.java:748)
Caused by: SearchParseException[No mapping found for [createTime] in order to sort on]
	at org.elasticsearch.search.sort.SortParseElement.addSortField(SortParseElement.java:213)
	at org.elasticsearch.search.sort.SortParseElement.addCompoundSortField(SortParseElement.java:187)
	at org.elasticsearch.search.sort.SortParseElement.parse(SortParseElement.java:85)
	at org.elasticsearch.search.SearchService.parseSource(SearchService.java:856)
	... 12 more
[2018-10-28 11:38:50,782][DEBUG][action.search            ] [Urthona] [blog][3], node[lYtrypsYTj-b6ZUFQYu8tg], [P], v[2], s[STARTED], a[id=nrFylrK3Swyz-CajjedM3A]: Failed to execute [org.elasticsearch.action.search.SearchRequest@7d852141] lastShard [true]
RemoteTransportException[[Urthona][127.0.0.1:9300][indices:data/read/search[phase/dfs]]]; nested: SearchParseException[failed to parse search source [{"from":0,"size":10,"query":{"bool":{"should":[{"query_string":{"query":"**","fields":["title"],"analyze_wildcard":true}},{"query_string":{"query":"**","fields":["summary"],"analyze_wildcard":true}},{"query_string":{"query":"**","fields":["content"],"analyze_wildcard":true}},{"query_string":{"query":"**","fields":["tags"],"analyze_wildcard":true}}]}},"post_filter":{"bool":{"must":[{"bool":{}},{"bool":{}},{"bool":{}}]}},"sort":[{"createTime":{"order":"desc"}},{"createTime":{"order":"desc"}}]}]]; nested: SearchParseException[No mapping found for [createTime] in order to sort on];
Caused by: SearchParseException[failed to parse search source [{"from":0,"size":10,"query":{"bool":{"should":[{"query_string":{"query":"**","fields":["title"],"analyze_wildcard":true}},{"query_string":{"query":"**","fields":["summary"],"analyze_wildcard":true}},{"query_string":{"query":"**","fields":["content"],"analyze_wildcard":true}},{"query_string":{"query":"**","fields":["tags"],"analyze_wildcard":true}}]}},"post_filter":{"bool":{"must":[{"bool":{}},{"bool":{}},{"bool":{}}]}},"sort":[{"createTime":{"order":"desc"}},{"createTime":{"order":"desc"}}]}]]; nested: SearchParseException[No mapping found for [createTime] in order to sort on];
	at org.elasticsearch.search.SearchService.parseSource(SearchService.java:873)
	at org.elasticsearch.search.SearchService.createContext(SearchService.java:667)
	at org.elasticsearch.search.SearchService.createAndPutContext(SearchService.java:633)
	at org.elasticsearch.search.SearchService.executeDfsPhase(SearchService.java:264)
	at org.elasticsearch.search.action.SearchServiceTransportAction$SearchDfsTransportHandler.messageReceived(SearchServiceTransportAction.java:360)
	at org.elasticsearch.search.action.SearchServiceTransportAction$SearchDfsTransportHandler.messageReceived(SearchServiceTransportAction.java:357)
	at org.elasticsearch.transport.TransportRequestHandler.messageReceived(TransportRequestHandler.java:33)
	at org.elasticsearch.transport.RequestHandlerRegistry.processMessageReceived(RequestHandlerRegistry.java:77)
	at org.elasticsearch.transport.TransportService$4.doRun(TransportService.java:378)
	at org.elasticsearch.common.util.concurrent.AbstractRunnable.run(AbstractRunnable.java:37)
	at java.util.concurrent.ThreadPoolExecutor.runWorker(ThreadPoolExecutor.java:1149)
	at java.util.concurrent.ThreadPoolExecutor$Worker.run(ThreadPoolExecutor.java:624)
	at java.lang.Thread.run(Thread.java:748)
Caused by: SearchParseException[No mapping found for [createTime] in order to sort on]
	at org.elasticsearch.search.sort.SortParseElement.addSortField(SortParseElement.java:213)
	at org.elasticsearch.search.sort.SortParseElement.addCompoundSortField(SortParseElement.java:187)
	at org.elasticsearch.search.sort.SortParseElement.parse(SortParseElement.java:85)
	at org.elasticsearch.search.SearchService.parseSource(SearchService.java:856)
	... 12 more
[2018-10-28 11:38:50,795][DEBUG][action.search            ] [Urthona] [blog][1], node[lYtrypsYTj-b6ZUFQYu8tg], [P], v[2], s[STARTED], a[id=g4Im9qUoQyWyfz2w3lblrg]: Failed to execute [org.elasticsearch.action.search.SearchRequest@7d852141]
RemoteTransportException[[Urthona][127.0.0.1:9300][indices:data/read/search[phase/dfs]]]; nested: SearchParseException[failed to parse search source [{"from":0,"size":10,"query":{"bool":{"should":[{"query_string":{"query":"**","fields":["title"],"analyze_wildcard":true}},{"query_string":{"query":"**","fields":["summary"],"analyze_wildcard":true}},{"query_string":{"query":"**","fields":["content"],"analyze_wildcard":true}},{"query_string":{"query":"**","fields":["tags"],"analyze_wildcard":true}}]}},"post_filter":{"bool":{"must":[{"bool":{}},{"bool":{}},{"bool":{}}]}},"sort":[{"createTime":{"order":"desc"}},{"createTime":{"order":"desc"}}]}]]; nested: SearchParseException[No mapping found for [createTime] in order to sort on];
Caused by: SearchParseException[failed to parse search source [{"from":0,"size":10,"query":{"bool":{"should":[{"query_string":{"query":"**","fields":["title"],"analyze_wildcard":true}},{"query_string":{"query":"**","fields":["summary"],"analyze_wildcard":true}},{"query_string":{"query":"**","fields":["content"],"analyze_wildcard":true}},{"query_string":{"query":"**","fields":["tags"],"analyze_wildcard":true}}]}},"post_filter":{"bool":{"must":[{"bool":{}},{"bool":{}},{"bool":{}}]}},"sort":[{"createTime":{"order":"desc"}},{"createTime":{"order":"desc"}}]}]]; nested: SearchParseException[No mapping found for [createTime] in order to sort on];
	at org.elasticsearch.search.SearchService.parseSource(SearchService.java:873)
	at org.elasticsearch.search.SearchService.createContext(SearchService.java:667)
	at org.elasticsearch.search.SearchService.createAndPutContext(SearchService.java:633)
	at org.elasticsearch.search.SearchService.executeDfsPhase(SearchService.java:264)
	at org.elasticsearch.search.action.SearchServiceTransportAction$SearchDfsTransportHandler.messageReceived(SearchServiceTransportAction.java:360)
	at org.elasticsearch.search.action.SearchServiceTransportAction$SearchDfsTransportHandler.messageReceived(SearchServiceTransportAction.java:357)
	at org.elasticsearch.transport.TransportRequestHandler.messageReceived(TransportRequestHandler.java:33)
	at org.elasticsearch.transport.RequestHandlerRegistry.processMessageReceived(RequestHandlerRegistry.java:77)
	at org.elasticsearch.transport.TransportService$4.doRun(TransportService.java:378)
	at org.elasticsearch.common.util.concurrent.AbstractRunnable.run(AbstractRunnable.java:37)
	at java.util.concurrent.ThreadPoolExecutor.runWorker(ThreadPoolExecutor.java:1149)
	at java.util.concurrent.ThreadPoolExecutor$Worker.run(ThreadPoolExecutor.java:624)
	at java.lang.Thread.run(Thread.java:748)
Caused by: SearchParseException[No mapping found for [createTime] in order to sort on]
	at org.elasticsearch.search.sort.SortParseElement.addSortField(SortParseElement.java:213)
	at org.elasticsearch.search.sort.SortParseElement.addCompoundSortField(SortParseElement.java:187)
	at org.elasticsearch.search.sort.SortParseElement.parse(SortParseElement.java:85)
	at org.elasticsearch.search.SearchService.parseSource(SearchService.java:856)
	... 12 more
[2018-10-28 11:38:50,799][DEBUG][action.search            ] [Urthona] All shards failed for phase: [dfs]
RemoteTransportException[[Urthona][127.0.0.1:9300][indices:data/read/search[phase/dfs]]]; nested: SearchParseException[failed to parse search source [{"from":0,"size":10,"query":{"bool":{"should":[{"query_string":{"query":"**","fields":["title"],"analyze_wildcard":true}},{"query_string":{"query":"**","fields":["summary"],"analyze_wildcard":true}},{"query_string":{"query":"**","fields":["content"],"analyze_wildcard":true}},{"query_string":{"query":"**","fields":["tags"],"analyze_wildcard":true}}]}},"post_filter":{"bool":{"must":[{"bool":{}},{"bool":{}},{"bool":{}}]}},"sort":[{"createTime":{"order":"desc"}},{"createTime":{"order":"desc"}}]}]]; nested: SearchParseException[No mapping found for [createTime] in order to sort on];
Caused by: SearchParseException[failed to parse search source [{"from":0,"size":10,"query":{"bool":{"should":[{"query_string":{"query":"**","fields":["title"],"analyze_wildcard":true}},{"query_string":{"query":"**","fields":["summary"],"analyze_wildcard":true}},{"query_string":{"query":"**","fields":["content"],"analyze_wildcard":true}},{"query_string":{"query":"**","fields":["tags"],"analyze_wildcard":true}}]}},"post_filter":{"bool":{"must":[{"bool":{}},{"bool":{}},{"bool":{}}]}},"sort":[{"createTime":{"order":"desc"}},{"createTime":{"order":"desc"}}]}]]; nested: SearchParseException[No mapping found for [createTime] in order to sort on];
	at org.elasticsearch.search.SearchService.parseSource(SearchService.java:873)
	at org.elasticsearch.search.SearchService.createContext(SearchService.java:667)
	at org.elasticsearch.search.SearchService.createAndPutContext(SearchService.java:633)
	at org.elasticsearch.search.SearchService.executeDfsPhase(SearchService.java:264)
	at org.elasticsearch.search.action.SearchServiceTransportAction$SearchDfsTransportHandler.messageReceived(SearchServiceTransportAction.java:360)
	at org.elasticsearch.search.action.SearchServiceTransportAction$SearchDfsTransportHandler.messageReceived(SearchServiceTransportAction.java:357)
	at org.elasticsearch.transport.TransportRequestHandler.messageReceived(TransportRequestHandler.java:33)
	at org.elasticsearch.transport.RequestHandlerRegistry.processMessageReceived(RequestHandlerRegistry.java:77)
	at org.elasticsearch.transport.TransportService$4.doRun(TransportService.java:378)
	at org.elasticsearch.common.util.concurrent.AbstractRunnable.run(AbstractRunnable.java:37)
	at java.util.concurrent.ThreadPoolExecutor.runWorker(ThreadPoolExecutor.java:1149)
	at java.util.concurrent.ThreadPoolExecutor$Worker.run(ThreadPoolExecutor.java:624)
	at java.lang.Thread.run(Thread.java:748)
Caused by: SearchParseException[No mapping found for [createTime] in order to sort on]
	at org.elasticsearch.search.sort.SortParseElement.addSortField(SortParseElement.java:213)
	at org.elasticsearch.search.sort.SortParseElement.addCompoundSortField(SortParseElement.java:187)
	at org.elasticsearch.search.sort.SortParseElement.parse(SortParseElement.java:85)
	at org.elasticsearch.search.SearchService.parseSource(SearchService.java:856)
	... 12 more
[2018-10-28 11:38:50,787][DEBUG][action.search            ] [Urthona] [blog][4], node[lYtrypsYTj-b6ZUFQYu8tg], [P], v[2], s[STARTED], a[id=lTiW0JwdRl-nUaAIcsNxLQ]: Failed to execute [org.elasticsearch.action.search.SearchRequest@7d852141] lastShard [true]
RemoteTransportException[[Urthona][127.0.0.1:9300][indices:data/read/search[phase/dfs]]]; nested: SearchParseException[failed to parse search source [{"from":0,"size":10,"query":{"bool":{"should":[{"query_string":{"query":"**","fields":["title"],"analyze_wildcard":true}},{"query_string":{"query":"**","fields":["summary"],"analyze_wildcard":true}},{"query_string":{"query":"**","fields":["content"],"analyze_wildcard":true}},{"query_string":{"query":"**","fields":["tags"],"analyze_wildcard":true}}]}},"post_filter":{"bool":{"must":[{"bool":{}},{"bool":{}},{"bool":{}}]}},"sort":[{"createTime":{"order":"desc"}},{"createTime":{"order":"desc"}}]}]]; nested: SearchParseException[No mapping found for [createTime] in order to sort on];
Caused by: SearchParseException[failed to parse search source [{"from":0,"size":10,"query":{"bool":{"should":[{"query_string":{"query":"**","fields":["title"],"analyze_wildcard":true}},{"query_string":{"query":"**","fields":["summary"],"analyze_wildcard":true}},{"query_string":{"query":"**","fields":["content"],"analyze_wildcard":true}},{"query_string":{"query":"**","fields":["tags"],"analyze_wildcard":true}}]}},"post_filter":{"bool":{"must":[{"bool":{}},{"bool":{}},{"bool":{}}]}},"sort":[{"createTime":{"order":"desc"}},{"createTime":{"order":"desc"}}]}]]; nested: SearchParseException[No mapping found for [createTime] in order to sort on];
	at org.elasticsearch.search.SearchService.parseSource(SearchService.java:873)
	at org.elasticsearch.search.SearchService.createContext(SearchService.java:667)
	at org.elasticsearch.search.SearchService.createAndPutContext(SearchService.java:633)
	at org.elasticsearch.search.SearchService.executeDfsPhase(SearchService.java:264)
	at org.elasticsearch.search.action.SearchServiceTransportAction$SearchDfsTransportHandler.messageReceived(SearchServiceTransportAction.java:360)
	at org.elasticsearch.search.action.SearchServiceTransportAction$SearchDfsTransportHandler.messageReceived(SearchServiceTransportAction.java:357)
	at org.elasticsearch.transport.TransportRequestHandler.messageReceived(TransportRequestHandler.java:33)
	at org.elasticsearch.transport.RequestHandlerRegistry.processMessageReceived(RequestHandlerRegistry.java:77)
	at org.elasticsearch.transport.TransportService$4.doRun(TransportService.java:378)
	at org.elasticsearch.common.util.concurrent.AbstractRunnable.run(AbstractRunnable.java:37)
	at java.util.concurrent.ThreadPoolExecutor.runWorker(ThreadPoolExecutor.java:1149)
	at java.util.concurrent.ThreadPoolExecutor$Worker.run(ThreadPoolExecutor.java:624)
	at java.lang.Thread.run(Thread.java:748)
Caused by: SearchParseException[No mapping found for [createTime] in order to sort on]
	at org.elasticsearch.search.sort.SortParseElement.addSortField(SortParseElement.java:213)
	at org.elasticsearch.search.sort.SortParseElement.addCompoundSortField(SortParseElement.java:187)
	at org.elasticsearch.search.sort.SortParseElement.parse(SortParseElement.java:85)
	at org.elasticsearch.search.SearchService.parseSource(SearchService.java:856)
	... 12 more
[2018-10-28 11:38:50,785][DEBUG][action.search            ] [Urthona] [blog][0], node[lYtrypsYTj-b6ZUFQYu8tg], [P], v[2], s[STARTED], a[id=qmwgS2UcQZmLeQGMDhTohg]: Failed to execute [org.elasticsearch.action.search.SearchRequest@7d852141] lastShard [true]
RemoteTransportException[[Urthona][127.0.0.1:9300][indices:data/read/search[phase/dfs]]]; nested: SearchParseException[failed to parse search source [{"from":0,"size":10,"query":{"bool":{"should":[{"query_string":{"query":"**","fields":["title"],"analyze_wildcard":true}},{"query_string":{"query":"**","fields":["summary"],"analyze_wildcard":true}},{"query_string":{"query":"**","fields":["content"],"analyze_wildcard":true}},{"query_string":{"query":"**","fields":["tags"],"analyze_wildcard":true}}]}},"post_filter":{"bool":{"must":[{"bool":{}},{"bool":{}},{"bool":{}}]}},"sort":[{"createTime":{"order":"desc"}},{"createTime":{"order":"desc"}}]}]]; nested: SearchParseException[No mapping found for [createTime] in order to sort on];
Caused by: SearchParseException[failed to parse search source [{"from":0,"size":10,"query":{"bool":{"should":[{"query_string":{"query":"**","fields":["title"],"analyze_wildcard":true}},{"query_string":{"query":"**","fields":["summary"],"analyze_wildcard":true}},{"query_string":{"query":"**","fields":["content"],"analyze_wildcard":true}},{"query_string":{"query":"**","fields":["tags"],"analyze_wildcard":true}}]}},"post_filter":{"bool":{"must":[{"bool":{}},{"bool":{}},{"bool":{}}]}},"sort":[{"createTime":{"order":"desc"}},{"createTime":{"order":"desc"}}]}]]; nested: SearchParseException[No mapping found for [createTime] in order to sort on];
	at org.elasticsearch.search.SearchService.parseSource(SearchService.java:873)
	at org.elasticsearch.search.SearchService.createContext(SearchService.java:667)
	at org.elasticsearch.search.SearchService.createAndPutContext(SearchService.java:633)
	at org.elasticsearch.search.SearchService.executeDfsPhase(SearchService.java:264)
	at org.elasticsearch.search.action.SearchServiceTransportAction$SearchDfsTransportHandler.messageReceived(SearchServiceTransportAction.java:360)
	at org.elasticsearch.search.action.SearchServiceTransportAction$SearchDfsTransportHandler.messageReceived(SearchServiceTransportAction.java:357)
	at org.elasticsearch.transport.TransportRequestHandler.messageReceived(TransportRequestHandler.java:33)
	at org.elasticsearch.transport.RequestHandlerRegistry.processMessageReceived(RequestHandlerRegistry.java:77)
	at org.elasticsearch.transport.TransportService$4.doRun(TransportService.java:378)
	at org.elasticsearch.common.util.concurrent.AbstractRunnable.run(AbstractRunnable.java:37)
	at java.util.concurrent.ThreadPoolExecutor.runWorker(ThreadPoolExecutor.java:1149)
	at java.util.concurrent.ThreadPoolExecutor$Worker.run(ThreadPoolExecutor.java:624)
	at java.lang.Thread.run(Thread.java:748)
Caused by: SearchParseException[No mapping found for [createTime] in order to sort on]
	at org.elasticsearch.search.sort.SortParseElement.addSortField(SortParseElement.java:213)
	at org.elasticsearch.search.sort.SortParseElement.addCompoundSortField(SortParseElement.java:187)
	at org.elasticsearch.search.sort.SortParseElement.parse(SortParseElement.java:85)
	at org.elasticsearch.search.SearchService.parseSource(SearchService.java:856)
	... 12 more
[2018-10-28 11:38:50,785][DEBUG][action.search            ] [Urthona] [blog][2], node[lYtrypsYTj-b6ZUFQYu8tg], [P], v[2], s[STARTED], a[id=fFkJ7P-ET5GhRV5KpyJFLQ]: Failed to execute [org.elasticsearch.action.search.SearchRequest@7d852141] lastShard [true]
RemoteTransportException[[Urthona][127.0.0.1:9300][indices:data/read/search[phase/dfs]]]; nested: SearchParseException[failed to parse search source [{"from":0,"size":10,"query":{"bool":{"should":[{"query_string":{"query":"**","fields":["title"],"analyze_wildcard":true}},{"query_string":{"query":"**","fields":["summary"],"analyze_wildcard":true}},{"query_string":{"query":"**","fields":["content"],"analyze_wildcard":true}},{"query_string":{"query":"**","fields":["tags"],"analyze_wildcard":true}}]}},"post_filter":{"bool":{"must":[{"bool":{}},{"bool":{}},{"bool":{}}]}},"sort":[{"createTime":{"order":"desc"}},{"createTime":{"order":"desc"}}]}]]; nested: SearchParseException[No mapping found for [createTime] in order to sort on];
Caused by: SearchParseException[failed to parse search source [{"from":0,"size":10,"query":{"bool":{"should":[{"query_string":{"query":"**","fields":["title"],"analyze_wildcard":true}},{"query_string":{"query":"**","fields":["summary"],"analyze_wildcard":true}},{"query_string":{"query":"**","fields":["content"],"analyze_wildcard":true}},{"query_string":{"query":"**","fields":["tags"],"analyze_wildcard":true}}]}},"post_filter":{"bool":{"must":[{"bool":{}},{"bool":{}},{"bool":{}}]}},"sort":[{"createTime":{"order":"desc"}},{"createTime":{"order":"desc"}}]}]]; nested: SearchParseException[No mapping found for [createTime] in order to sort on];
	at org.elasticsearch.search.SearchService.parseSource(SearchService.java:873)
	at org.elasticsearch.search.SearchService.createContext(SearchService.java:667)
	at org.elasticsearch.search.SearchService.createAndPutContext(SearchService.java:633)
	at org.elasticsearch.search.SearchService.executeDfsPhase(SearchService.java:264)
	at org.elasticsearch.search.action.SearchServiceTransportAction$SearchDfsTransportHandler.messageReceived(SearchServiceTransportAction.java:360)
	at org.elasticsearch.search.action.SearchServiceTransportAction$SearchDfsTransportHandler.messageReceived(SearchServiceTransportAction.java:357)
	at org.elasticsearch.transport.TransportRequestHandler.messageReceived(TransportRequestHandler.java:33)
	at org.elasticsearch.transport.RequestHandlerRegistry.processMessageReceived(RequestHandlerRegistry.java:77)
	at org.elasticsearch.transport.TransportService$4.doRun(TransportService.java:378)
	at org.elasticsearch.common.util.concurrent.AbstractRunnable.run(AbstractRunnable.java:37)
	at java.util.concurrent.ThreadPoolExecutor.runWorker(ThreadPoolExecutor.java:1149)
	at java.util.concurrent.ThreadPoolExecutor$Worker.run(ThreadPoolExecutor.java:624)
	at java.lang.Thread.run(Thread.java:748)
Caused by: SearchParseException[No mapping found for [createTime] in order to sort on]
	at org.elasticsearch.search.sort.SortParseElement.addSortField(SortParseElement.java:213)
	at org.elasticsearch.search.sort.SortParseElement.addCompoundSortField(SortParseElement.java:187)
	at org.elasticsearch.search.sort.SortParseElement.parse(SortParseElement.java:85)
	at org.elasticsearch.search.SearchService.parseSource(SearchService.java:856)
	... 12 more
[2018-10-28 11:41:34,784][INFO ][cluster.metadata         ] [Urthona] [blog] update_mapping [blog]
[2018-10-28 11:41:35,428][INFO ][cluster.metadata         ] [Urthona] [blog] update_mapping [blog]
[2018-10-28 11:46:17,264][INFO ][cluster.metadata         ] [Urthona] [blog] update_mapping [blog]
[2018-10-28 15:50:11,850][WARN ][transport.netty          ] [Urthona] exception caught on transport layer [[id: 0x24c67c11, /127.0.0.1:4227 => /127.0.0.1:9300]], closing connection
java.io.IOException: 
	at sun.nio.ch.SocketDispatcher.read0(Native Method)
	at sun.nio.ch.SocketDispatcher.read(SocketDispatcher.java:43)
	at sun.nio.ch.IOUtil.readIntoNativeBuffer(IOUtil.java:223)
	at sun.nio.ch.IOUtil.read(IOUtil.java:192)
	at sun.nio.ch.SocketChannelImpl.read(SocketChannelImpl.java:380)
	at org.jboss.netty.channel.socket.nio.NioWorker.read(NioWorker.java:64)
	at org.jboss.netty.channel.socket.nio.AbstractNioWorker.process(AbstractNioWorker.java:108)
	at org.jboss.netty.channel.socket.nio.AbstractNioSelector.run(AbstractNioSelector.java:337)
	at org.jboss.netty.channel.socket.nio.AbstractNioWorker.run(AbstractNioWorker.java:89)
	at org.jboss.netty.channel.socket.nio.NioWorker.run(NioWorker.java:178)
	at org.jboss.netty.util.ThreadRenamingRunnable.run(ThreadRenamingRunnable.java:108)
	at org.jboss.netty.util.internal.DeadLockProofWorker$1.run(DeadLockProofWorker.java:42)
	at java.util.concurrent.ThreadPoolExecutor.runWorker(ThreadPoolExecutor.java:1149)
	at java.util.concurrent.ThreadPoolExecutor$Worker.run(ThreadPoolExecutor.java:624)
	at java.lang.Thread.run(Thread.java:748)
[2018-10-28 15:50:11,851][WARN ][transport.netty          ] [Urthona] exception caught on transport layer [[id: 0x5d5add6f, /127.0.0.1:4224 => /127.0.0.1:9300]], closing connection
java.io.IOException: 
	at sun.nio.ch.SocketDispatcher.read0(Native Method)
	at sun.nio.ch.SocketDispatcher.read(SocketDispatcher.java:43)
	at sun.nio.ch.IOUtil.readIntoNativeBuffer(IOUtil.java:223)
	at sun.nio.ch.IOUtil.read(IOUtil.java:192)
	at sun.nio.ch.SocketChannelImpl.read(SocketChannelImpl.java:380)
	at org.jboss.netty.channel.socket.nio.NioWorker.read(NioWorker.java:64)
	at org.jboss.netty.channel.socket.nio.AbstractNioWorker.process(AbstractNioWorker.java:108)
	at org.jboss.netty.channel.socket.nio.AbstractNioSelector.run(AbstractNioSelector.java:337)
	at org.jboss.netty.channel.socket.nio.AbstractNioWorker.run(AbstractNioWorker.java:89)
	at org.jboss.netty.channel.socket.nio.NioWorker.run(NioWorker.java:178)
	at org.jboss.netty.util.ThreadRenamingRunnable.run(ThreadRenamingRunnable.java:108)
	at org.jboss.netty.util.internal.DeadLockProofWorker$1.run(DeadLockProofWorker.java:42)
	at java.util.concurrent.ThreadPoolExecutor.runWorker(ThreadPoolExecutor.java:1149)
	at java.util.concurrent.ThreadPoolExecutor$Worker.run(ThreadPoolExecutor.java:624)
	at java.lang.Thread.run(Thread.java:748)
[2018-10-28 15:50:11,850][WARN ][transport.netty          ] [Urthona] exception caught on transport layer [[id: 0x051f7f27, /127.0.0.1:4228 => /127.0.0.1:9300]], closing connection
java.io.IOException: 
	at sun.nio.ch.SocketDispatcher.read0(Native Method)
	at sun.nio.ch.SocketDispatcher.read(SocketDispatcher.java:43)
	at sun.nio.ch.IOUtil.readIntoNativeBuffer(IOUtil.java:223)
	at sun.nio.ch.IOUtil.read(IOUtil.java:192)
	at sun.nio.ch.SocketChannelImpl.read(SocketChannelImpl.java:380)
	at org.jboss.netty.channel.socket.nio.NioWorker.read(NioWorker.java:64)
	at org.jboss.netty.channel.socket.nio.AbstractNioWorker.process(AbstractNioWorker.java:108)
	at org.jboss.netty.channel.socket.nio.AbstractNioSelector.run(AbstractNioSelector.java:337)
	at org.jboss.netty.channel.socket.nio.AbstractNioWorker.run(AbstractNioWorker.java:89)
	at org.jboss.netty.channel.socket.nio.NioWorker.run(NioWorker.java:178)
	at org.jboss.netty.util.ThreadRenamingRunnable.run(ThreadRenamingRunnable.java:108)
	at org.jboss.netty.util.internal.DeadLockProofWorker$1.run(DeadLockProofWorker.java:42)
	at java.util.concurrent.ThreadPoolExecutor.runWorker(ThreadPoolExecutor.java:1149)
	at java.util.concurrent.ThreadPoolExecutor$Worker.run(ThreadPoolExecutor.java:624)
	at java.lang.Thread.run(Thread.java:748)
[2018-10-28 15:50:11,850][WARN ][transport.netty          ] [Urthona] exception caught on transport layer [[id: 0x85e36c3d, /127.0.0.1:4230 => /127.0.0.1:9300]], closing connection
java.io.IOException: 
	at sun.nio.ch.SocketDispatcher.read0(Native Method)
	at sun.nio.ch.SocketDispatcher.read(SocketDispatcher.java:43)
	at sun.nio.ch.IOUtil.readIntoNativeBuffer(IOUtil.java:223)
	at sun.nio.ch.IOUtil.read(IOUtil.java:192)
	at sun.nio.ch.SocketChannelImpl.read(SocketChannelImpl.java:380)
	at org.jboss.netty.channel.socket.nio.NioWorker.read(NioWorker.java:64)
	at org.jboss.netty.channel.socket.nio.AbstractNioWorker.process(AbstractNioWorker.java:108)
	at org.jboss.netty.channel.socket.nio.AbstractNioSelector.run(AbstractNioSelector.java:337)
	at org.jboss.netty.channel.socket.nio.AbstractNioWorker.run(AbstractNioWorker.java:89)
	at org.jboss.netty.channel.socket.nio.NioWorker.run(NioWorker.java:178)
	at org.jboss.netty.util.ThreadRenamingRunnable.run(ThreadRenamingRunnable.java:108)
	at org.jboss.netty.util.internal.DeadLockProofWorker$1.run(DeadLockProofWorker.java:42)
	at java.util.concurrent.ThreadPoolExecutor.runWorker(ThreadPoolExecutor.java:1149)
	at java.util.concurrent.ThreadPoolExecutor$Worker.run(ThreadPoolExecutor.java:624)
	at java.lang.Thread.run(Thread.java:748)
[2018-10-28 15:50:11,850][WARN ][transport.netty          ] [Urthona] exception caught on transport layer [[id: 0x963d0939, /127.0.0.1:4226 => /127.0.0.1:9300]], closing connection
java.io.IOException: 
	at sun.nio.ch.SocketDispatcher.read0(Native Method)
	at sun.nio.ch.SocketDispatcher.read(SocketDispatcher.java:43)
	at sun.nio.ch.IOUtil.readIntoNativeBuffer(IOUtil.java:223)
	at sun.nio.ch.IOUtil.read(IOUtil.java:192)
	at sun.nio.ch.SocketChannelImpl.read(SocketChannelImpl.java:380)
	at org.jboss.netty.channel.socket.nio.NioWorker.read(NioWorker.java:64)
	at org.jboss.netty.channel.socket.nio.AbstractNioWorker.process(AbstractNioWorker.java:108)
	at org.jboss.netty.channel.socket.nio.AbstractNioSelector.run(AbstractNioSelector.java:337)
	at org.jboss.netty.channel.socket.nio.AbstractNioWorker.run(AbstractNioWorker.java:89)
	at org.jboss.netty.channel.socket.nio.NioWorker.run(NioWorker.java:178)
	at org.jboss.netty.util.ThreadRenamingRunnable.run(ThreadRenamingRunnable.java:108)
	at org.jboss.netty.util.internal.DeadLockProofWorker$1.run(DeadLockProofWorker.java:42)
	at java.util.concurrent.ThreadPoolExecutor.runWorker(ThreadPoolExecutor.java:1149)
	at java.util.concurrent.ThreadPoolExecutor$Worker.run(ThreadPoolExecutor.java:624)
	at java.lang.Thread.run(Thread.java:748)
[2018-10-28 15:50:11,850][WARN ][transport.netty          ] [Urthona] exception caught on transport layer [[id: 0xe4a4dd48, /127.0.0.1:4229 => /127.0.0.1:9300]], closing connection
java.io.IOException: 
	at sun.nio.ch.SocketDispatcher.read0(Native Method)
	at sun.nio.ch.SocketDispatcher.read(SocketDispatcher.java:43)
	at sun.nio.ch.IOUtil.readIntoNativeBuffer(IOUtil.java:223)
	at sun.nio.ch.IOUtil.read(IOUtil.java:192)
	at sun.nio.ch.SocketChannelImpl.read(SocketChannelImpl.java:380)
	at org.jboss.netty.channel.socket.nio.NioWorker.read(NioWorker.java:64)
	at org.jboss.netty.channel.socket.nio.AbstractNioWorker.process(AbstractNioWorker.java:108)
	at org.jboss.netty.channel.socket.nio.AbstractNioSelector.run(AbstractNioSelector.java:337)
	at org.jboss.netty.channel.socket.nio.AbstractNioWorker.run(AbstractNioWorker.java:89)
	at org.jboss.netty.channel.socket.nio.NioWorker.run(NioWorker.java:178)
	at org.jboss.netty.util.ThreadRenamingRunnable.run(ThreadRenamingRunnable.java:108)
	at org.jboss.netty.util.internal.DeadLockProofWorker$1.run(DeadLockProofWorker.java:42)
	at java.util.concurrent.ThreadPoolExecutor.runWorker(ThreadPoolExecutor.java:1149)
	at java.util.concurrent.ThreadPoolExecutor$Worker.run(ThreadPoolExecutor.java:624)
	at java.lang.Thread.run(Thread.java:748)
[2018-10-28 15:50:11,875][WARN ][transport.netty          ] [Urthona] exception caught on transport layer [[id: 0x2302d5af, /127.0.0.1:4237 => /127.0.0.1:9300]], closing connection
java.io.IOException: 
	at sun.nio.ch.SocketDispatcher.read0(Native Method)
	at sun.nio.ch.SocketDispatcher.read(SocketDispatcher.java:43)
	at sun.nio.ch.IOUtil.readIntoNativeBuffer(IOUtil.java:223)
	at sun.nio.ch.IOUtil.read(IOUtil.java:192)
	at sun.nio.ch.SocketChannelImpl.read(SocketChannelImpl.java:380)
	at org.jboss.netty.channel.socket.nio.NioWorker.read(NioWorker.java:64)
	at org.jboss.netty.channel.socket.nio.AbstractNioWorker.process(AbstractNioWorker.java:108)
	at org.jboss.netty.channel.socket.nio.AbstractNioSelector.run(AbstractNioSelector.java:337)
	at org.jboss.netty.channel.socket.nio.AbstractNioWorker.run(AbstractNioWorker.java:89)
	at org.jboss.netty.channel.socket.nio.NioWorker.run(NioWorker.java:178)
	at org.jboss.netty.util.ThreadRenamingRunnable.run(ThreadRenamingRunnable.java:108)
	at org.jboss.netty.util.internal.DeadLockProofWorker$1.run(DeadLockProofWorker.java:42)
	at java.util.concurrent.ThreadPoolExecutor.runWorker(ThreadPoolExecutor.java:1149)
	at java.util.concurrent.ThreadPoolExecutor$Worker.run(ThreadPoolExecutor.java:624)
	at java.lang.Thread.run(Thread.java:748)
[2018-10-28 15:50:11,850][WARN ][transport.netty          ] [Urthona] exception caught on transport layer [[id: 0xf20c4fa1, /127.0.0.1:4225 => /127.0.0.1:9300]], closing connection
java.io.IOException: 
	at sun.nio.ch.SocketDispatcher.read0(Native Method)
	at sun.nio.ch.SocketDispatcher.read(SocketDispatcher.java:43)
	at sun.nio.ch.IOUtil.readIntoNativeBuffer(IOUtil.java:223)
	at sun.nio.ch.IOUtil.read(IOUtil.java:192)
	at sun.nio.ch.SocketChannelImpl.read(SocketChannelImpl.java:380)
	at org.jboss.netty.channel.socket.nio.NioWorker.read(NioWorker.java:64)
	at org.jboss.netty.channel.socket.nio.AbstractNioWorker.process(AbstractNioWorker.java:108)
	at org.jboss.netty.channel.socket.nio.AbstractNioSelector.run(AbstractNioSelector.java:337)
	at org.jboss.netty.channel.socket.nio.AbstractNioWorker.run(AbstractNioWorker.java:89)
	at org.jboss.netty.channel.socket.nio.NioWorker.run(NioWorker.java:178)
	at org.jboss.netty.util.ThreadRenamingRunnable.run(ThreadRenamingRunnable.java:108)
	at org.jboss.netty.util.internal.DeadLockProofWorker$1.run(DeadLockProofWorker.java:42)
	at java.util.concurrent.ThreadPoolExecutor.runWorker(ThreadPoolExecutor.java:1149)
	at java.util.concurrent.ThreadPoolExecutor$Worker.run(ThreadPoolExecutor.java:624)
	at java.lang.Thread.run(Thread.java:748)
[2018-10-28 15:50:11,850][WARN ][transport.netty          ] [Urthona] exception caught on transport layer [[id: 0xdcbcf79a, /127.0.0.1:4231 => /127.0.0.1:9300]], closing connection
java.io.IOException: 
	at sun.nio.ch.SocketDispatcher.read0(Native Method)
	at sun.nio.ch.SocketDispatcher.read(SocketDispatcher.java:43)
	at sun.nio.ch.IOUtil.readIntoNativeBuffer(IOUtil.java:223)
	at sun.nio.ch.IOUtil.read(IOUtil.java:192)
	at sun.nio.ch.SocketChannelImpl.read(SocketChannelImpl.java:380)
	at org.jboss.netty.channel.socket.nio.NioWorker.read(NioWorker.java:64)
	at org.jboss.netty.channel.socket.nio.AbstractNioWorker.process(AbstractNioWorker.java:108)
	at org.jboss.netty.channel.socket.nio.AbstractNioSelector.run(AbstractNioSelector.java:337)
	at org.jboss.netty.channel.socket.nio.AbstractNioWorker.run(AbstractNioWorker.java:89)
	at org.jboss.netty.channel.socket.nio.NioWorker.run(NioWorker.java:178)
	at org.jboss.netty.util.ThreadRenamingRunnable.run(ThreadRenamingRunnable.java:108)
	at org.jboss.netty.util.internal.DeadLockProofWorker$1.run(DeadLockProofWorker.java:42)
	at java.util.concurrent.ThreadPoolExecutor.runWorker(ThreadPoolExecutor.java:1149)
	at java.util.concurrent.ThreadPoolExecutor$Worker.run(ThreadPoolExecutor.java:624)
	at java.lang.Thread.run(Thread.java:748)
[2018-10-28 15:50:11,880][WARN ][transport.netty          ] [Urthona] exception caught on transport layer [[id: 0xa365c33e, /127.0.0.1:4233 => /127.0.0.1:9300]], closing connection
java.io.IOException: 
	at sun.nio.ch.SocketDispatcher.read0(Native Method)
	at sun.nio.ch.SocketDispatcher.read(SocketDispatcher.java:43)
	at sun.nio.ch.IOUtil.readIntoNativeBuffer(IOUtil.java:223)
	at sun.nio.ch.IOUtil.read(IOUtil.java:192)
	at sun.nio.ch.SocketChannelImpl.read(SocketChannelImpl.java:380)
	at org.jboss.netty.channel.socket.nio.NioWorker.read(NioWorker.java:64)
	at org.jboss.netty.channel.socket.nio.AbstractNioWorker.process(AbstractNioWorker.java:108)
	at org.jboss.netty.channel.socket.nio.AbstractNioSelector.run(AbstractNioSelector.java:337)
	at org.jboss.netty.channel.socket.nio.AbstractNioWorker.run(AbstractNioWorker.java:89)
	at org.jboss.netty.channel.socket.nio.NioWorker.run(NioWorker.java:178)
	at org.jboss.netty.util.ThreadRenamingRunnable.run(ThreadRenamingRunnable.java:108)
	at org.jboss.netty.util.internal.DeadLockProofWorker$1.run(DeadLockProofWorker.java:42)
	at java.util.concurrent.ThreadPoolExecutor.runWorker(ThreadPoolExecutor.java:1149)
	at java.util.concurrent.ThreadPoolExecutor$Worker.run(ThreadPoolExecutor.java:624)
	at java.lang.Thread.run(Thread.java:748)
[2018-10-28 15:50:11,873][WARN ][transport.netty          ] [Urthona] exception caught on transport layer [[id: 0x3e79e11e, /127.0.0.1:4234 => /127.0.0.1:9300]], closing connection
java.io.IOException: 
	at sun.nio.ch.SocketDispatcher.read0(Native Method)
	at sun.nio.ch.SocketDispatcher.read(SocketDispatcher.java:43)
	at sun.nio.ch.IOUtil.readIntoNativeBuffer(IOUtil.java:223)
	at sun.nio.ch.IOUtil.read(IOUtil.java:192)
	at sun.nio.ch.SocketChannelImpl.read(SocketChannelImpl.java:380)
	at org.jboss.netty.channel.socket.nio.NioWorker.read(NioWorker.java:64)
	at org.jboss.netty.channel.socket.nio.AbstractNioWorker.process(AbstractNioWorker.java:108)
	at org.jboss.netty.channel.socket.nio.AbstractNioSelector.run(AbstractNioSelector.java:337)
	at org.jboss.netty.channel.socket.nio.AbstractNioWorker.run(AbstractNioWorker.java:89)
	at org.jboss.netty.channel.socket.nio.NioWorker.run(NioWorker.java:178)
	at org.jboss.netty.util.ThreadRenamingRunnable.run(ThreadRenamingRunnable.java:108)
	at org.jboss.netty.util.internal.DeadLockProofWorker$1.run(DeadLockProofWorker.java:42)
	at java.util.concurrent.ThreadPoolExecutor.runWorker(ThreadPoolExecutor.java:1149)
	at java.util.concurrent.ThreadPoolExecutor$Worker.run(ThreadPoolExecutor.java:624)
	at java.lang.Thread.run(Thread.java:748)
[2018-10-28 15:50:11,866][WARN ][transport.netty          ] [Urthona] exception caught on transport layer [[id: 0x35251a9b, /127.0.0.1:4236 => /127.0.0.1:9300]], closing connection
java.io.IOException: 
	at sun.nio.ch.SocketDispatcher.read0(Native Method)
	at sun.nio.ch.SocketDispatcher.read(SocketDispatcher.java:43)
	at sun.nio.ch.IOUtil.readIntoNativeBuffer(IOUtil.java:223)
	at sun.nio.ch.IOUtil.read(IOUtil.java:192)
	at sun.nio.ch.SocketChannelImpl.read(SocketChannelImpl.java:380)
	at org.jboss.netty.channel.socket.nio.NioWorker.read(NioWorker.java:64)
	at org.jboss.netty.channel.socket.nio.AbstractNioWorker.process(AbstractNioWorker.java:108)
	at org.jboss.netty.channel.socket.nio.AbstractNioSelector.run(AbstractNioSelector.java:337)
	at org.jboss.netty.channel.socket.nio.AbstractNioWorker.run(AbstractNioWorker.java:89)
	at org.jboss.netty.channel.socket.nio.NioWorker.run(NioWorker.java:178)
	at org.jboss.netty.util.ThreadRenamingRunnable.run(ThreadRenamingRunnable.java:108)
	at org.jboss.netty.util.internal.DeadLockProofWorker$1.run(DeadLockProofWorker.java:42)
	at java.util.concurrent.ThreadPoolExecutor.runWorker(ThreadPoolExecutor.java:1149)
	at java.util.concurrent.ThreadPoolExecutor$Worker.run(ThreadPoolExecutor.java:624)
	at java.lang.Thread.run(Thread.java:748)
[2018-10-28 15:50:11,865][WARN ][transport.netty          ] [Urthona] exception caught on transport layer [[id: 0x95da9414, /127.0.0.1:4232 => /127.0.0.1:9300]], closing connection
java.io.IOException: 
	at sun.nio.ch.SocketDispatcher.read0(Native Method)
	at sun.nio.ch.SocketDispatcher.read(SocketDispatcher.java:43)
	at sun.nio.ch.IOUtil.readIntoNativeBuffer(IOUtil.java:223)
	at sun.nio.ch.IOUtil.read(IOUtil.java:192)
	at sun.nio.ch.SocketChannelImpl.read(SocketChannelImpl.java:380)
	at org.jboss.netty.channel.socket.nio.NioWorker.read(NioWorker.java:64)
	at org.jboss.netty.channel.socket.nio.AbstractNioWorker.process(AbstractNioWorker.java:108)
	at org.jboss.netty.channel.socket.nio.AbstractNioSelector.run(AbstractNioSelector.java:337)
	at org.jboss.netty.channel.socket.nio.AbstractNioWorker.run(AbstractNioWorker.java:89)
	at org.jboss.netty.channel.socket.nio.NioWorker.run(NioWorker.java:178)
	at org.jboss.netty.util.ThreadRenamingRunnable.run(ThreadRenamingRunnable.java:108)
	at org.jboss.netty.util.internal.DeadLockProofWorker$1.run(DeadLockProofWorker.java:42)
	at java.util.concurrent.ThreadPoolExecutor.runWorker(ThreadPoolExecutor.java:1149)
	at java.util.concurrent.ThreadPoolExecutor$Worker.run(ThreadPoolExecutor.java:624)
	at java.lang.Thread.run(Thread.java:748)
[2018-10-28 15:50:11,861][WARN ][transport.netty          ] [Urthona] exception caught on transport layer [[id: 0x2ba31ac6, /127.0.0.1:4235 => /127.0.0.1:9300]], closing connection
java.io.IOException: 
	at sun.nio.ch.SocketDispatcher.read0(Native Method)
	at sun.nio.ch.SocketDispatcher.read(SocketDispatcher.java:43)
	at sun.nio.ch.IOUtil.readIntoNativeBuffer(IOUtil.java:223)
	at sun.nio.ch.IOUtil.read(IOUtil.java:192)
	at sun.nio.ch.SocketChannelImpl.read(SocketChannelImpl.java:380)
	at org.jboss.netty.channel.socket.nio.NioWorker.read(NioWorker.java:64)
	at org.jboss.netty.channel.socket.nio.AbstractNioWorker.process(AbstractNioWorker.java:108)
	at org.jboss.netty.channel.socket.nio.AbstractNioSelector.run(AbstractNioSelector.java:337)
	at org.jboss.netty.channel.socket.nio.AbstractNioWorker.run(AbstractNioWorker.java:89)
	at org.jboss.netty.channel.socket.nio.NioWorker.run(NioWorker.java:178)
	at org.jboss.netty.util.ThreadRenamingRunnable.run(ThreadRenamingRunnable.java:108)
	at org.jboss.netty.util.internal.DeadLockProofWorker$1.run(DeadLockProofWorker.java:42)
	at java.util.concurrent.ThreadPoolExecutor.runWorker(ThreadPoolExecutor.java:1149)
	at java.util.concurrent.ThreadPoolExecutor$Worker.run(ThreadPoolExecutor.java:624)
	at java.lang.Thread.run(Thread.java:748)
[2018-10-28 16:15:15,791][INFO ][bootstrap                ] running graceful exit on windows
[2018-10-28 16:15:15,792][INFO ][node                     ] [Urthona] stopping ...
[2018-10-28 16:15:15,903][INFO ][node                     ] [Urthona] stopped
[2018-10-28 16:15:15,904][INFO ][node                     ] [Urthona] closing ...
[2018-10-28 16:15:15,914][INFO ][node                     ] [Urthona] closed
